<?xml version="1.0" encoding="UTF-8"?>
<!-- Generated by org.testng.reporters.JUnitReportReporter -->
<testsuite hostname="LAPTOP-BRF3MDB0" failures="0" tests="1" name="com.seleniumide.Sikuliwithselenium" time="117.037" errors="0" timestamp="2022-04-29T16:28:31 IST" skipped="0">
  <testcase classname="com.seleniumide.Sikuliwithselenium" name="demo" time="117.037"/>
  <system-out/>
</testsuite> <!-- com.seleniumide.Sikuliwithselenium -->
